<?xml version="1.0" encoding="UTF-8"?>
<testsuite xmlns:xsi="http://www.w3.org/2001/XMLSchema-instance" xsi:noNamespaceSchemaLocation="https://maven.apache.org/surefire/maven-surefire-plugin/xsd/surefire-test-report-3.0.xsd" version="3.0" name="com.tpp.tpplab3.Tpplab3ApplicationTests" time="11.296" tests="1" errors="0" skipped="0" failures="0">
  <properties>
[...]
</properties>
  <testcase name="contextLoads" classname="com.tpp.tpplab3.Tpplab3ApplicationTests" time="0.93">
    <system-out><![CDATA[11:30:56.426 [main] INFO org.springframework.test.context.support.AnnotationConfigContextLoaderUtils -- Could not detect default configuration classes for test class [com.tpp.tpplab3.Tpplab3ApplicationTests]: Tpplab3ApplicationTests does not declare any static, non-private, non-final, nested classes annotated with @Configuration.
11:30:56.589 [main] INFO org.springframework.boot.test.context.SpringBootTestContextBootstrapper -- Found @SpringBootConfiguration com.tpp.tpplab3.Tpplab3Application for test class com.tpp.tpplab3.Tpplab3ApplicationTests
11:30:56.846 [main] INFO org.springframework.boot.devtools.restart.RestartApplicationListener -- Restart disabled due to context in which it is running

  .   ____          _            __ _ _
 /\\ / ___'_ __ _ _(_)_ __  __ _ \ \ \ \
( ( )\___ | '_ | '_| | '_ \/ _` | \ \ \ \
 \\/  ___)| |_)| | | | | || (_| |  ) ) ) )
  '  |____| .__|_| |_|_| |_\__, | / / / /
 =========|_|==============|___/=/_/_/_/

 :: Spring Boot ::                (v3.3.5)

2024-12-17T11:30:57.208+02:00  INFO 26204 --- [tpplab3] [           main] c.tpp.tpplab3.Tpplab3ApplicationTests    : Starting Tpplab3ApplicationTests using Java 20.0.2 with PID 26204 (started by cered in c:\Users\cered\Downloads\Telegram Desktop\ква)
2024-12-17T11:30:57.210+02:00  INFO 26204 --- [tpplab3] [           main] c.tpp.tpplab3.Tpplab3ApplicationTests    : No active profile set, falling back to 1 default profile: "default"
2024-12-17T11:30:59.000+02:00  INFO 26204 --- [tpplab3] [           main] .s.d.r.c.RepositoryConfigurationDelegate : Bootstrapping Spring Data JPA repositories in DEFAULT mode.
2024-12-17T11:30:59.148+02:00  INFO 26204 --- [tpplab3] [           main] .s.d.r.c.RepositoryConfigurationDelegate : Finished Spring Data repository scanning in 133 ms. Found 4 JPA repository interfaces.
2024-12-17T11:31:00.169+02:00  INFO 26204 --- [tpplab3] [           main] o.hibernate.jpa.internal.util.LogHelper  : HHH000204: Processing PersistenceUnitInfo [name: default]
2024-12-17T11:31:00.265+02:00  INFO 26204 --- [tpplab3] [           main] org.hibernate.Version                    : HHH000412: Hibernate ORM core version 6.5.3.Final
2024-12-17T11:31:00.350+02:00  INFO 26204 --- [tpplab3] [           main] o.h.c.internal.RegionFactoryInitiator    : HHH000026: Second-level cache disabled
2024-12-17T11:31:01.178+02:00  INFO 26204 --- [tpplab3] [           main] o.s.o.j.p.SpringPersistenceUnitInfo      : No LoadTimeWeaver setup: ignoring JPA class transformer
2024-12-17T11:31:01.249+02:00  INFO 26204 --- [tpplab3] [           main] com.zaxxer.hikari.HikariDataSource       : HikariPool-1 - Starting...
2024-12-17T11:31:01.538+02:00  INFO 26204 --- [tpplab3] [           main] com.zaxxer.hikari.pool.HikariPool        : HikariPool-1 - Added connection org.postgresql.jdbc.PgConnection@1cc41b77
2024-12-17T11:31:01.543+02:00  INFO 26204 --- [tpplab3] [           main] com.zaxxer.hikari.HikariDataSource       : HikariPool-1 - Start completed.
2024-12-17T11:31:03.586+02:00  INFO 26204 --- [tpplab3] [           main] o.h.e.t.j.p.i.JtaPlatformInitiator       : HHH000489: No JTA platform available (set 'hibernate.transaction.jta.platform' to enable JTA platform integration)
2024-12-17T11:31:03.722+02:00  INFO 26204 --- [tpplab3] [           main] j.LocalContainerEntityManagerFactoryBean : Initialized JPA EntityManagerFactory for persistence unit 'default'
2024-12-17T11:31:05.110+02:00  WARN 26204 --- [tpplab3] [           main] JpaBaseConfiguration$JpaWebConfiguration : spring.jpa.open-in-view is enabled by default. Therefore, database queries may be performed during view rendering. Explicitly configure spring.jpa.open-in-view to disable this warning
2024-12-17T11:31:06.504+02:00  INFO 26204 --- [tpplab3] [           main] c.tpp.tpplab3.Tpplab3ApplicationTests    : Started Tpplab3ApplicationTests in 9.678 seconds (process running for 11.09)
]]></system-out>
  </testcase>
</testsuite>